{
  "RSpec": {
    "coverage": {
      "/Users/jacklyndunne/Documents/GitHub/bookmark_manager_app/spec/bookmarklist_spec.rb": [
        1,
        null,
        1,
        null,
        1,
        1,
        1,
        null,
        1,
        1,
        null,
        1,
        null,
        1,
        1,
        null,
        null,
        null,
        null
      ],
      "/Users/jacklyndunne/Documents/GitHub/bookmark_manager_app/spec/features/bookmark_view_spec.rb": [
        1,
        null,
        1,
        1,
        1,
        null,
        1,
        1,
        null,
        1,
        null,
        1,
        1,
        null,
        null
      ],
      "/Users/jacklyndunne/Documents/GitHub/bookmark_manager_app/spec/features/index_spec.rb": [
        1,
        1,
        1,
        1,
        null,
        null
      ]
    },
    "timestamp": 1542805110
  }
}
